<?xml version="1.0" encoding="UTF-8"?>
<!-- Generated by org.testng.reporters.JUnitReportReporter -->
<testsuite hostname="lenovo-PC" failures="0" tests="1" name="practice.practice1Test" time="0.045" errors="0" timestamp="2022-09-23T11:48:52 IST" skipped="0">
  <testcase classname="practice.practice1Test" name="practice1mavenTest" time="0.045"/>
  <system-out>
    <![CDATA[practice1]]>
  </system-out>
</testsuite> <!-- practice.practice1Test -->
