<?xml version="1.0" encoding="UTF-8"?>
<!-- Generated by org.testng.reporters.JUnitReportReporter -->
<testsuite hostname="lenovo-PC" failures="0" tests="1" name="practice.Practice2Test" time="0.011" errors="0" timestamp="2022-09-23T11:52:09 IST" skipped="0">
  <testcase classname="practice.Practice2Test" name="practice2Test" time="0.011"/>
  <system-out/>
</testsuite> <!-- practice.Practice2Test -->
