<?xml version="1.0" encoding="UTF-8"?>
<!-- Generated by org.testng.reporters.JUnitReportReporter -->
<testsuite hostname="lenovo-PC" failures="0" tests="1" name="practice.Practice3Test" time="0.010" errors="0" timestamp="2022-09-23T11:53:54 IST" skipped="0">
  <testcase classname="practice.Practice3Test" name="practice3Test" time="0.010"/>
  <system-out/>
</testsuite> <!-- practice.Practice3Test -->
